<?xml version="1.0" encoding="UTF-8"?>
<!-- Generated by org.testng.reporters.JUnitReportReporter -->
<testsuite skipped="0" hostname="HYD-L-00062414" name="org.f5.automation.poc.calc" tests="1" failures="0" timestamp="22 May 2019 09:25:00 GMT" time="0.007" errors="0">
  <testcase name="TestAbsVal" time="0.007" classname="org.f5.automation.poc.calc"/>
</testsuite> <!-- org.f5.automation.poc.calc -->
