<?xml version="1.0" encoding="UTF-8"?>
<!-- Generated by org.testng.reporters.JUnitReportReporter -->
<testsuite skipped="0" hostname="HYD-L-00062414" name="org.f5.automation.poc.calc" tests="1" failures="0" timestamp="22 May 2019 10:12:11 GMT" time="0.012" errors="0">
  <testcase name="TestAbsVal1" time="0.012" classname="org.f5.automation.poc.calc"/>
</testsuite> <!-- org.f5.automation.poc.calc -->
